/shome/cheidegg/MPAF/scripts/setup_package: line 3: cd: /shome/cheidegg/MPAF/y: No such file or directory

/gridware/sge/default/spool/t3wn50/job_scripts/5883892: line 6: analysis: command not found
/gridware/sge/default/spool/t3wn50/job_scripts/5883899: line 6: analysis: command not found
/shome/cheidegg/MPAF/scripts/setup_package: line 3: cd: /shome/cheidegg/MPAF/isplay: No such file or directory
ctory
/gridware/sge/default/spool/t3wn44/job_scripts/5883900: line 6: analysis: command not found
/shome/cheidegg/MPAF/scripts/setup_package: line 3: cd: /shome/cheidegg/MPAF/isplay: No such file or directory
analysis: error while loading shared libraries: libMPAFTools.so: cannot open shared object file: No such file or directory
analysis: error while loading shared libraries: libMPAFTools.so: cannot open shared object file: No such file or directory
/gridware/sge/default/spool/t3wn50/job_scripts/5883903: line 6: analysis: command not found
/gridware/sge/default/spool/t3wn50/job_scripts/5883895: line 6: analysis: command not found
/gridware/sge/default/spool/t3wn44/job_scripts/5883904: line 6: analysis: command not found
/gridware/sge/default/spool/t3wn44/job_scripts/5883893: line 6: analysis: command not found
/gridware/sge/default/spool/t3wn50/job_scripts/5883907: line 6: analysis: command not found
/gridware/sge/default/spool/t3wn50/job_scripts/5883910: line 6: analysis: command not found
analysis: error while loading shared libraries: libMPAFTools.so: cannot open shared object file: No such file or directory
analysis: error while loading shared libraries: libMPAFTools.so: cannot open shared object file: No such file or directory
analysis: error while loading shared libraries: libMPAFTools.so: cannot open shared object file: No such file or directory
analysis: error while loading shared libraries: libGui.so: cannot open shared object file: No such file or directory
pts/setup_package: line 3: cd: /shome/cheidegg/MPAF/y: No such file or directory
/gridware/sge/default/spool/t3wn44/job_scripts/5883908: line 6: analysis: command not found
/gridware/sge/default/spool/t3wn43/job_scripts/5883952: line 6: analysis: command not found
/gridware/sge/default/spool/t3wn41/job_scripts/5883921: line 6: analysis: command not found
o such file or directory
s: error while loading shared libraries: libMPAFTools.so: cannot open shared object file: No such file or directory
/gridware/sge/default/spool/t3wn50/job_scripts/5883942: line 6: analysis: command not found
/gridware/sge/default/spool/t3wn43/job_scripts/5883960: line 6: analysis: command not found
/gridware/sge/default/spool/t3wn43/job_scripts/5883944: line 6: analysis: command not found
/shome/cheidegg/MPAF/scripts/setup_package: line 3: cd: /shome/cheidegg/MPAF/is: No such file or directory
analysis: error while loading shared libraries: libMPAFTools.so: cannot open shared object file: No such file or directory
/gridware/sge/default/spool/t3wn43/job_scripts/5883916: line 6: analysis: command not found
analysis: error while loading shared libraries: libMPAFTools.so: cannot open shared object file: No such file or directory
/gridware/sge/default/spool/t3wn43/job_scripts/5883940: line 6: analysis: command not found
o such file or directory
/shome/cheidegg/MPAF/scripts/setup_package: line 3: cd: /shome/cheidegg/MPAF/is: No such file or directory
/gridware/sge/default/spool/t3wn43/job_scripts/5883956: line 6: analysis: command not found
/shome/cheidegg/MPAF/scripts/setup_package: line 3: cd: /shome/cheidegg/MPAF/y: No such file or directory
analysis: error while loading shared libraries: libGui.so: cannot open shared object file: No such file or directory
/gridware/sge/default/spool/t3wn44/job_scripts/5883923: line 6: analysis: command not found
/gridware/sge/default/spool/t3wn41/job_scripts/5883917: line 6: analysis: command not found
o such file or directory
analysis: error while loading shared libraries: libGui.so: cannot open shared object file: No such file or directory
/gridware/sge/default/spool/t3wn41/job_scripts/5883953: line 6: analysis: command not found
 or directory
/gridware/sge/default/spool/t3wn50/job_scripts/5883962: line 6: analysis: command not found
/gridware/sge/default/spool/t3wn44/job_scripts/5883919: line 6: analysis: command not found
/gridware/sge/default/spool/t3wn44/job_scripts/5883927: line 6: analysis: command not found
/gridware/sge/default/spool/t3wn44/job_scripts/5883931: line 6: analysis: command not found
/gridware/sge/default/spool/t3wn43/job_scripts/5883964: line 6: analysis: command not found
/gridware/sge/default/spool/t3wn44/job_scripts/5883959: line 6: analysis: command not found
/gridware/sge/default/spool/t3wn44/job_scripts/5883951: line 6: analysis: command not found
/gridware/sge/default/spool/t3wn44/job_scripts/5883963: line 6: analysis: command not found
/gridware/sge/default/spool/t3wn44/job_scripts/5883939: line 6: analysis: command not found
/gridware/sge/default/spool/t3wn41/job_scripts/5883925: line 6: analysis: command not found
/gridware/sge/default/spool/t3wn41/job_scripts/5883937: line 6: analysis: command not found
/gridware/sge/default/spool/t3wn43/job_scripts/5883972: line 6: analysis: command not found
 or directory
/gridware/sge/default/spool/t3wn50/job_scripts/5883974: line 6: analysis: command not found
/gridware/sge/default/spool/t3wn41/job_scripts/5883957: line 6: analysis: command not found
/gridware/sge/default/spool/t3wn41/job_scripts/5883945: line 6: analysis: command not found
/gridware/sge/default/spool/t3wn44/job_scripts/5883983: line 6: analysis: command not found
/gridware/sge/default/spool/t3wn41/job_scripts/5883913: line 6: analysis: command not found
analysis: error while loading shared libraries: libGui.so: cannot open shared object file: No such file or /gridware/sge/default/spool/t3wn44/job_scripts/5883971: line 6: analysis: command not found
ct file: No such file or directory
analysis: error while loading shared libraries: libGui.so: cannot open shared object file: No such file or directory
/gridware/sge/default/spool/t3wn50/job_scripts/5883978: line 6: analysis: command not found
e or directory
/gridware/sge/default/spool/t3wn44/job_scripts/5883967: line 6: analysis: command not found
file or directory
/gridware/sge/default/spool/t3wn41/job_scripts/5883981: line 6: analysis: command not found
/shome/cheidegg/MPAF/scripts/setup_package: line 3: cd: /shome/cheidegg/MPAF/lay: No such file or directory
/gridware/sge/default/spool/t3wn50/job_scripts/5883994: line 6: analysis: command not found
analysis: error while loading shared libraries: libMPAFTools.so: cannot open shared object f/shome/cheidegg/MPAF/scripts/setup_package: line 3: cd: /shome/cheidegg/MPAF/y: No such file or directory
r while loading shared libraries: libMPAFTools.so: cannot open shared object file: No such file or directory
/gridware/sge/default/spool/t3wn50/job_scripts/5884002: line 6: analysis: command not found
/gridware/sge/default/spool/t3wn44/job_scripts/5883991: line 6: analysis: command not found
analysis: error while loading shared libraries: libMPAFTools.so: cannot open shared object file: No such file or directory
/gridware/sge/default/spool/t3wn41/job_scripts/5884001: line 6: analysis: command not found
/gridware/sge/default/spool/t3wn41/job_scripts/5883993: line 6: analysis: command not found
/gridware/sge/default/spool/t3wn44/job_scripts/5883999: line 6: analysis: command not found
/shome/cheidegg/MPAF/scripts/setup_package: line 3: cd: /shome/cheidegg/MPAF/y: No such file or directory
analysis: error while loading shared libraries: libMPAFTools.so: cannot open shared object file: No such file or directory
PAF/scripts/setup_package: line 3: cd: /shome/cheidegg/MPAF/is: No such file or directory
/shome/cheidegg/MPAF/scripts/setup_package: line 3: cd: /shome/cheidegg/MPAF/y: No such file or directory
/gridware/sge/default/spool/t3wn41/job_scripts/5883989: line 6: analysis: command not found
analysis: error while loading shared libraries: libGui.so: cannot open shared object file: No such file or directory
/shome/cheidegg/MPAF/scripts/setup_package: line 3: cd: /shome/cheidegg/MPAF/splay: No such file or directory
/shome/cheidegg/MPAF/scripts/setup_package: line 4: ./setup.sh: No such file or directory
fault/spool/t3wn43/job_scripts/5884004: line 6: analysis: command not found
/shome/cheidegg/MPAF/scripts/setup_package: line 3: cd: /shome/cheidegg/MPAF/play: No such file or directory
/gridware/sge/default/spool/t3wn41/job_scripts/5883977: line 6: analysis: command not found
/shome/cheidegg/MPAF/scripts/setup_package: line 3: cd: /shome/cheidegg/MPAF/play: No such file or directory
/shome/cheidegg/MPAF/scripts/setup_package: line 3: cd: /shome/cheidegg/MPAF/y: No such file or directory
/shome/cheidegg/MPAF/scripts/setup_package: line 3: cd: /shome/cheidegg/MPAF/y: No such file or directory
g/MPAF/scripts/setup_package: line 3: cd: /shome/cheidegg/MPAF/y: No such file or directory
/shome/cheidegg/MPAF/scripts/setup_package: line 3: cd: /shome/cheidegg/MPAF/play: No such file or directory
/shome/cheidegg/MPAF/scripts/setup_package: line 3: cd: /shome/cheidegg/MPAF/y: No such file or directory
analysis: error while loading shared libraries: libGui.so: cannot open shared object file: No such file or directory
ry
/gridware/sge/default/spool/t3wn44/job_scripts/5884011: line 6: analysis: command not found
analysis: error while loading shared libraries: libGui.so: cannot open shared object file: No such file or directory
/shome/cheidegg/MPAF/scripts/setup_package: line 3: cd: /shome/cheidegg/MPAF/play: No such file or directory
ault/spool/t3wn50/job_scripts/5884009: line 6: analysis: command not found
analysis: error while loading shared libraries: libGui.so: cannot open shared object file: No such file or directory
ding shared libraries: libMPAFTools.so: cannot open shared object file: No such file or directory
analysis: error while loading shared libraries: libMPAFTools.so: cannot open shared object file: No such file or directory
analysis: error while loading shared libraries: libMPAFTools.so: cannot open shared object file: No such file or directory
n50/job_scripts/5884006: line 6: analysis: command not found
/gridware/sge/default/spool/t3wn50/job_scripts/5884007: line 6: analysis: command not found
analysis: error while loading shared libraries: libMPAFTools.so: cannot open shared object file: No such file or directory
/gridware/sge/default/spool/t3wn44/job_scripts/5884018: line 6: analysis: command not found
/gridware/sge/default/spool/t3wn50/job_scripts/5884017: line 6: analysis: command not found
analysis: error while loading shared libraries: libGui.so: cannot open shared object file: No such file or directory
analysis: error while loading shared libraries: libGui.so: cannot open shared object file: No such file or directory
/shome/cheidegg/MPAF/scripts/setup_package: line 3: cd: /shome/cheidegg/MPAF/play: No such file or directory
analysis: error while loading shared libraries: libMPAFTools.so: cannot open shared object file: No such file or directory
/gridware/sge/default/spool/t3wn50/job_scripts/5884030: line 6: analysis: command not found
/gridware/sge/default/spool/t3wn43/job_scripts/5884021: line 6: analysis: command not found
analysis: error while loading shared libraries: libMPAFTools.so: cannot open shared object file: No such file or directory
n41/job_scripts/5884046: line 6: analysis: command not found
/gridware/sge/default/spool/t3wn50/job_scripts/5884049: line 6: analysis: command not found
o such file or directory
/gridware/sge/default/spool/t3wn41/job_scripts/5884050: line 6: analysis: command not found
/gridware/sge/default/spool/t3wn43/job_scripts/5884025: line 6: analysis: command not found
ile: No such file or directory
/gridware/sge/default/spool/t3wn50/job_scripts/5884033: line 6: analysis: command not found
/shome/cheidegg/MPAF/scripts/setup_package: line 3: cd: /shome/cheidegg/MPAF/nalysis: No such file or directory
 directory
/gridware/sge/default/spool/t3wn44/job_scripts/5884035: line 6: analysis: command not found
ile: No such file or directory
/gridware/sge/default/spool/t3wn44/job_scripts/5884048: line 6: analysis: command not found
/shome/cheidegg/MPAF/scripts/setup_package: line 3: cd: /shome/cheidegg/MPAF/alysis: No such file or directory
/gridware/sge/default/spool/t3wn50/job_scripts/5884066: line 6: analysis: command not found
/gridware/sge/default/spool/t3wn50/job_scripts/5884069: line 6: analysis: command not found
/gridware/sge/default/spool/t3wn44/job_scripts/5884044: line 6: analysis: command not found
/gridware/sge/default/spool/t3wn44/job_scripts/5884062: line 6: analysis: command not found
file or directory
/shome/cheidegg/MPAF/scripts/setup_package: line 4: ./setup.sh: No such file or directory
/gridware/sge/default/spool/t3wn43/job_scripts/5884023: line 6: analysis: command not found
/shome/cheidegg/MPAF/scripts/setup_package: line 3: cd: /shome/cheidegg/MPAF/is: No such file or directory
/MPAF/scripts/setup_package: line 3: cd: /shome/cheidegg/MPAF/isplay: No such file or directory
analysis: error while loading shared libraries: libMPAFTools.so: cannot open shared object file: No such file or directory
4037: line 6: analysis: command not found
analysis: error while loading shared libraries: libMPAFTools.so: cannot open shared object file: No such file or directory
/gridware/sge/default/spool/t3wn43/job_scripts/5884034: line 6: analysis: command not found
/gridware/sge/default/spool/t3wn43/job_scripts/5884040: line 6: analysis: command not found
/gridware/sge/default/spool/t3wn41/job_scripts/5884054: line 6: analysis: command not found
ile: No such file or directory
/gridware/sge/default/spool/t3wn43/job_scripts/5884082: line 6: analysis: command not found
analysis: error while loading shared libraries: libMPAFTools.so: cannot open shared object file: No such file or directory
analysis: error while loading shared libraries: libMPAFTools.so: cannot open shared object file: No such file or directory
/gridware/sge/default/spool/t3wn44/job_scripts/5884064: line 6: analysis: command not found
/gridware/sge/default/spool/t3wn50/job_scripts/5884087: line 6: analysis: command not found
analysis: error while loading shared libraries: libMPAFTools.so: cannot open shared object file: No such file or directory
analysis: error while loading shared libraries: libMPAFTools.so: cannot open shared object file: No such file or directory
/gridware/sge/default/spool/t3wn44/job_scripts/5884067: line 6: analysis: command not found
/gridware/sge/default/spool/t3wn44/job_scripts/5884084: line 6: analysis: command not found
ile: No such file or directory
/gridware/sge/default/spool/t3wn44/job_scripts/5884076: line 6: analysis: command not found
/gridware/sge/default/spool/t3wn50/job_scripts/5884075: line 6: analysis: command not found
analysis: error while loading shared libraries: libGui.so: cannot open shared object file: No such file or analysis: error while loading shared libraries: libGui.so: cannot open shared object file: No such file or directory
le or directory
analysis: error while loading shared libraries: libMPAFTools.so: cannot open shared object file: No such file or directory
/gridware/sge/default/spool/t3wn41/job_scripts/5884058: line 6: analysis: command not found
/gridware/sge/default/spool/t3wn41/job_scripts/5884061: line 6: analysis: command not found
/gridware/sge/default/spool/t3wn41/job_scripts/5884074: line 6: analysis: command not found
/gridware/sge/default/spool/t3wn41/job_scripts/5884077: line 6: analysis: command not found
/gridware/sge/default/spool/t3wn41/job_scripts/5884060: line 6: analysis: command not found
/gridware/sge/default/spool/t3wn41/job_scripts/5884063: line 6: analysis: command not found
/gridware/sge/default/spool/t3wn41/job_scripts/5884071: line 6: analysis: command not found
/gridware/sge/default/spool/t3wn41/job_scripts/5884055: line 6: analysis: command not found
/gridware/sge/default/spool/t3wn41/job_scripts/5884065: line 6: analysis: command not found
/gridware/sge/default/spool/t3wn41/job_scripts/5884056: line 6: analysis: command not found
/gridware/sge/default/spool/t3wn41/job_scripts/5884068: line 6: analysis: command not found
/gridware/sge/default/spool/t3wn41/job_scripts/5884059: line 6: analysis: command not found
/gridware/sge/default/spool/t3wn41/job_scripts/5884081: line 6: analysis: command not found
/gridware/sge/default/spool/t3wn41/job_scripts/5884085: line 6: analysis: command not found
